Removed Pin From Net: NetName=GND Pin=*-1
Removed Pin From Net: NetName=SPI_LEDK Pin=*-2
Removed Pin From Net: NetName=ESP_3V3 Pin=*-3
Removed Pin From Net: NetName=ESP_3V3 Pin=*-4
Removed Pin From Net: NetName=GND Pin=*-5
Removed Pin From Net: NetName=GND Pin=*-6
Removed Pin From Net: NetName=SPI_DC Pin=*-7
Removed Pin From Net: NetName=SPI_CS Pin=*-8
Removed Pin From Net: NetName=SPI_CLK Pin=*-9
Removed Pin From Net: NetName=SPI_MOSI Pin=*-10
Removed Pin From Net: NetName=SPI_RST Pin=*-11
Removed Pin From Net: NetName=GND Pin=*-12
Removed Pin From Net: NetName=IO32_I2C_SCL Pin=*-13
Removed Pin From Net: NetName=IO33_I2C_SDA Pin=*-14
Removed Pin From Net: NetName=IO33_SPI_TP_RST Pin=*-15
Removed Pin From Net: NetName=IO33_SPI_TP_INT Pin=*-16
Removed Pin From Net: NetName=ESP_3V3 Pin=*-17
Removed Pin From Net: NetName=GND Pin=*-18
Removed Pin From Net: NetName=GND Pin=*-19
Removed Pin From Net: NetName=GND Pin=*-20
Removed Pin From Net: NetName=ESP_3V3 Pin=C50-1
Removed Pin From Net: NetName=GND Pin=C50-2
Removed Member From Class: ClassName=Sheet1 Member=*
Added Component: Designator=*1(FPC-SMD_18P-P0.50_FPC-05F-18PH20)
Added Pin To Net: NetName=GND Pin=*1-1
Added Pin To Net: NetName=ESP_3V3 Pin=*1-2
Added Pin To Net: NetName=IO33_SPI_TP_INT Pin=*1-3
Added Pin To Net: NetName=IO33_SPI_TP_RST Pin=*1-4
Added Pin To Net: NetName=IO33_I2C_SDA Pin=*1-5
Added Pin To Net: NetName=IO32_I2C_SCL Pin=*1-6
Added Pin To Net: NetName=GND Pin=*1-7
Added Pin To Net: NetName=SPI_RST Pin=*1-8
Added Pin To Net: NetName=SPI_MOSI Pin=*1-9
Added Pin To Net: NetName=SPI_CLK Pin=*1-10
Added Pin To Net: NetName=SPI_CS Pin=*1-11
Added Pin To Net: NetName=SPI_DC Pin=*1-12
Added Pin To Net: NetName=GND Pin=*1-13
Added Pin To Net: NetName=GND Pin=*1-14
Added Pin To Net: NetName=ESP_3V3 Pin=*1-15
Added Pin To Net: NetName=ESP_3V3 Pin=*1-16
Added Pin To Net: NetName=SPI_LEDK Pin=*1-17
Added Pin To Net: NetName=GND Pin=*1-18
Added Pin To Net: NetName=GND Pin=*1-19
Added Pin To Net: NetName=GND Pin=*1-20
Added Pin To Net: NetName=GND Pin=C50-1
Added Pin To Net: NetName=ESP_3V3 Pin=C50-2
Added Member To Class: ClassName=Sheet1 Member=Component *1 FPC-05F-18PH20
