Added Component: Designator=C14(C0603)
Added Component: Designator=C15(C0402)
Added Component: Designator=C16(C0402)
Added Component: Designator=C17(C0402)
Added Component: Designator=C18(C0603)
Added Component: Designator=C19(C0402)
Added Component: Designator=C20(C0603)
Added Component: Designator=C21(C0402)
Added Component: Designator=C22(C0402)
Added Component: Designator=C23(C0402)
Added Component: Designator=C24(C0402)
Added Component: Designator=C25(C0402)
Added Component: Designator=C26(C0402)
Added Component: Designator=C27(C0402)
Added Component: Designator=C28(C0603)
Added Component: Designator=C29(C0402)
Added Component: Designator=C30(C0402)
Added Component: Designator=C31(C0402)
Added Component: Designator=C32(C0402)
Added Component: Designator=C33(C0402)
Added Component: Designator=C34(C0402)
Added Component: Designator=C35(C0402)
Added Component: Designator=C36(C0402)
Added Component: Designator=C37(C0402)
Added Component: Designator=C38(C0402)
Added Component: Designator=C39(C0402)
Added Component: Designator=C40(C0402)
Added Component: Designator=C41(C0402)
Added Component: Designator=C42(C0402)
Added Component: Designator=C43(C0402)
Added Component: Designator=C44(C0402)
Added Component: Designator=C45(C0402)
Added Pin To Net: NetName=GND Pin=C14-1
Added Pin To Net: NetName=ESP_3V3 Pin=C14-2
Added Pin To Net: NetName=GND Pin=C15-1
Added Pin To Net: NetName=ESP_3V3 Pin=C15-2
Added Pin To Net: NetName=GND Pin=C16-1
Added Pin To Net: NetName=ESP_3V3 Pin=C16-2
Added Pin To Net: NetName=GND Pin=C17-1
Added Pin To Net: NetName=ESP_3V3 Pin=C17-2
Added Pin To Net: NetName=GND Pin=C18-1
Added Pin To Net: NetName=ESP_3V3 Pin=C18-2
Added Pin To Net: NetName=GND Pin=C19-1
Added Pin To Net: NetName=ESP_3V3 Pin=C19-2
Added Pin To Net: NetName=GND Pin=C20-1
Added Pin To Net: NetName=ESP_3V3 Pin=C20-2
Added Pin To Net: NetName=GND Pin=C21-1
Added Pin To Net: NetName=ESP_3V3 Pin=C21-2
Added Pin To Net: NetName=GND Pin=C22-1
Added Pin To Net: NetName=ESP_VDD_HP Pin=C22-2
Added Pin To Net: NetName=GND Pin=C23-1
Added Pin To Net: NetName=ESP_VDD_HP Pin=C23-2
Added Pin To Net: NetName=GND Pin=C24-1
Added Pin To Net: NetName=ESP_3V3 Pin=C24-2
Added Pin To Net: NetName=GND Pin=C25-1
Added Pin To Net: NetName=GND Pin=C26-1
Added Pin To Net: NetName=ESP_3V3 Pin=C26-2
Added Pin To Net: NetName=GND Pin=C27-1
Added Pin To Net: NetName=GND Pin=C28-1
Added Pin To Net: NetName=ESP_VDD_HP Pin=C28-2
Added Pin To Net: NetName=GND Pin=C29-1
Added Pin To Net: NetName=ESP_VDD_HP Pin=C29-2
Added Pin To Net: NetName=GND Pin=C30-1
Added Pin To Net: NetName=GND Pin=C31-1
Added Pin To Net: NetName=GND Pin=C32-1
Added Pin To Net: NetName=GND Pin=C33-1
Added Pin To Net: NetName=GND Pin=C34-1
Added Pin To Net: NetName=GND Pin=C35-1
Added Pin To Net: NetName=ESP_3V3 Pin=C35-2
Added Pin To Net: NetName=GND Pin=C36-1
Added Pin To Net: NetName=GND Pin=C37-1
Added Pin To Net: NetName=GND Pin=C38-1
Added Pin To Net: NetName=GND Pin=C39-1
Added Pin To Net: NetName=GND Pin=C40-1
Added Pin To Net: NetName=GND Pin=C41-1
Added Pin To Net: NetName=ESP_3V3 Pin=C41-2
Added Pin To Net: NetName=GND Pin=C42-1
Added Pin To Net: NetName=ESP_3V3 Pin=C42-2
Added Pin To Net: NetName=GND Pin=C43-1
Added Pin To Net: NetName=ESP_3V3 Pin=C43-2
Added Pin To Net: NetName=GND Pin=C44-2
Added Pin To Net: NetName=GND Pin=C45-1
Added Pin To Net: NetName=ESP_3V3 Pin=U2-9
Added Pin To Net: NetName=ESP_3V3 Pin=U2-21
Added Pin To Net: NetName=ESP_VDD_HP Pin=U2-26
Added Pin To Net: NetName=ESP_3V3 Pin=U2-51
Added Pin To Net: NetName=ESP_3V3 Pin=U2-62
Added Pin To Net: NetName=ESP_3V3 Pin=U2-75
Added Pin To Net: NetName=ESP_VDD_HP Pin=U2-76
Added Pin To Net: NetName=ESP_3V3 Pin=U2-77
Added Pin To Net: NetName=ESP_3V3 Pin=U2-85
Added Pin To Net: NetName=ESP_VDD_HP Pin=U2-91
Added Pin To Net: NetName=ESP_3V3 Pin=U2-96
Added Pin To Net: NetName=ESP_3V3 Pin=U2-101
Added Pin To Net: NetName=ESP_3V3 Pin=U2-102
Added Pin To Net: NetName=GND Pin=X1-2
Added Pin To Net: NetName=GND Pin=X1-4
Added Pin To Net: NetName=VDDO_3 Pin=C30-2
Added Pin To Net: NetName=VDDO_3 Pin=C38-2
Added Pin To Net: NetName=VDDO_3 Pin=C39-2
Added Pin To Net: NetName=VDDO_3 Pin=C40-2
Added Pin To Net: NetName=VDDO_3 Pin=U2-41
Added Pin To Net: NetName=VDDO_3 Pin=U2-73
Added Net: Name=VDDO_3
Added Pin To Net: NetName=VDDO_4 Pin=C27-2
Added Pin To Net: NetName=VDDO_4 Pin=U2-74
Added Net: Name=VDDO_4
Added Pin To Net: NetName=VDDO_FLASH Pin=C32-2
Added Pin To Net: NetName=VDDO_FLASH Pin=C33-2
Added Pin To Net: NetName=VDDO_FLASH Pin=C34-2
Added Pin To Net: NetName=VDDO_FLASH Pin=U2-30
Added Pin To Net: NetName=VDDO_FLASH Pin=U2-71
Added Net: Name=VDDO_FLASH
Added Pin To Net: NetName=VDDO_PSRAM Pin=C31-2
Added Pin To Net: NetName=VDDO_PSRAM Pin=C36-2
Added Pin To Net: NetName=VDDO_PSRAM Pin=C37-2
Added Pin To Net: NetName=VDDO_PSRAM Pin=U2-59
Added Pin To Net: NetName=VDDO_PSRAM Pin=U2-67
Added Pin To Net: NetName=VDDO_PSRAM Pin=U2-72
Added Net: Name=VDDO_PSRAM
Added Pin To Net: NetName=XTAL_N Pin=C44-1
Added Pin To Net: NetName=XTAL_N Pin=U2-99
Added Pin To Net: NetName=XTAL_N Pin=X1-3
Added Net: Name=XTAL_N
Added Pin To Net: NetName=XTAL_P Pin=C45-2
Added Pin To Net: NetName=XTAL_P Pin=U2-100
Added Pin To Net: NetName=XTAL_P Pin=X1-1
Added Net: Name=XTAL_P
Added Member To Class: ClassName=Sheet2 Member=Component C14 10uF
Added Member To Class: ClassName=Sheet2 Member=Component C15 100nF
Added Member To Class: ClassName=Sheet2 Member=Component C16 100nF
Added Member To Class: ClassName=Sheet2 Member=Component C17 100nF
Added Member To Class: ClassName=Sheet2 Member=Component C18 10uF
Added Member To Class: ClassName=Sheet2 Member=Component C19 100nF
Added Member To Class: ClassName=Sheet2 Member=Component C20 10uF
Added Member To Class: ClassName=Sheet2 Member=Component C21 100nF
Added Member To Class: ClassName=Sheet2 Member=Component C22 100nF
Added Member To Class: ClassName=Sheet2 Member=Component C23 100nF
Added Member To Class: ClassName=Sheet2 Member=Component C24 100nF
Added Member To Class: ClassName=Sheet2 Member=Component C25 100nF
Added Member To Class: ClassName=Sheet2 Member=Component C26 100nF
Added Member To Class: ClassName=Sheet2 Member=Component C27 1uF
Added Member To Class: ClassName=Sheet2 Member=Component C28 10uF
Added Member To Class: ClassName=Sheet2 Member=Component C29 100nF
Added Member To Class: ClassName=Sheet2 Member=Component C30 1uF
Added Member To Class: ClassName=Sheet2 Member=Component C31 1uF
Added Member To Class: ClassName=Sheet2 Member=Component C32 1uF
Added Member To Class: ClassName=Sheet2 Member=Component C33 1uF
Added Member To Class: ClassName=Sheet2 Member=Component C34 100nF
Added Member To Class: ClassName=Sheet2 Member=Component C35 100nF
Added Member To Class: ClassName=Sheet2 Member=Component C36 100nF
Added Member To Class: ClassName=Sheet2 Member=Component C37 1uF
Added Member To Class: ClassName=Sheet2 Member=Component C38 1uF
Added Member To Class: ClassName=Sheet2 Member=Component C39 100nF
Added Member To Class: ClassName=Sheet2 Member=Component C40 10nF
Added Member To Class: ClassName=Sheet2 Member=Component C41 470nF
Added Member To Class: ClassName=Sheet2 Member=Component C42 100nF
Added Member To Class: ClassName=Sheet2 Member=Component C43 10nF
Added Member To Class: ClassName=Sheet2 Member=Component C44 22pF
Added Member To Class: ClassName=Sheet2 Member=Component C45 22pF
