Removed Pin From Net: NetName=ESP_3V3 Pin=*1-2
Removed Pin From Net: NetName=IO37_TP_INT Pin=*1-3
Removed Pin From Net: NetName=IO36_TP_RST Pin=*1-4
Removed Pin From Net: NetName=IO33_I2C_SDA Pin=*1-5
Removed Pin From Net: NetName=IO32_I2C_SCL Pin=*1-6
Removed Pin From Net: NetName=GND Pin=*1-7
Removed Pin From Net: NetName=IO31_SPI_RST Pin=*1-8
Removed Pin From Net: NetName=IO30_SPI_MOSI Pin=*1-9
Removed Pin From Net: NetName=IO29_SPI_CLK Pin=*1-10
Removed Pin From Net: NetName=IO28_SPI_CS Pin=*1-11
Removed Pin From Net: NetName=IO27_SPI_DC Pin=*1-12
Removed Pin From Net: NetName=GND Pin=*1-13
Removed Pin From Net: NetName=GND Pin=*1-14
Removed Pin From Net: NetName=ESP_3V3 Pin=*1-15
Removed Pin From Net: NetName=ESP_3V3 Pin=*1-16
Removed Pin From Net: NetName=SPI_LEDK Pin=*1-17
Removed Pin From Net: NetName=GND Pin=C50-1
Removed Pin From Net: NetName=ESP_3V3 Pin=C50-2
Added Pin To Net: NetName=SPI_LEDK Pin=*1-2
Added Pin To Net: NetName=ESP_3V3 Pin=*1-3
Added Pin To Net: NetName=ESP_3V3 Pin=*1-4
Added Pin To Net: NetName=GND Pin=*1-5
Added Pin To Net: NetName=GND Pin=*1-6
Added Pin To Net: NetName=IO27_SPI_DC Pin=*1-7
Added Pin To Net: NetName=IO28_SPI_CS Pin=*1-8
Added Pin To Net: NetName=IO29_SPI_CLK Pin=*1-9
Added Pin To Net: NetName=IO30_SPI_MOSI Pin=*1-10
Added Pin To Net: NetName=IO31_SPI_RST Pin=*1-11
Added Pin To Net: NetName=GND Pin=*1-12
Added Pin To Net: NetName=IO32_I2C_SCL Pin=*1-13
Added Pin To Net: NetName=IO33_I2C_SDA Pin=*1-14
Added Pin To Net: NetName=IO36_TP_RST Pin=*1-15
Added Pin To Net: NetName=IO37_TP_INT Pin=*1-16
Added Pin To Net: NetName=ESP_3V3 Pin=*1-17
Added Pin To Net: NetName=ESP_3V3 Pin=C50-1
Added Pin To Net: NetName=GND Pin=C50-2
Change Net Name : Old Net Name=IO52_LCD_RST New Net Name=IO52
