Added Component: Designator=C1(C0402)
Added Component: Designator=C2(C0603)
Added Component: Designator=C3(C0603)
Added Component: Designator=C4(C0603)
Added Component: Designator=C5(C0402)
Added Component: Designator=C6(C0603)
Added Component: Designator=C7(C0603)
Added Component: Designator=C8(C0603)
Added Component: Designator=C9(C0603)
Added Component: Designator=C10(C0402)
Added Component: Designator=C11(C0603)
Added Component: Designator=C12(C0603)
Added Component: Designator=C13(C0603)
Added Component: Designator=L1(L0402-SMD)
Added Component: Designator=L2(L0402-SMD)
Added Component: Designator=R1(R0402)
Added Component: Designator=R2(R0402)
Added Component: Designator=R3(R0402)
Added Component: Designator=R4(R0402)
Added Component: Designator=R5(R0402)
Added Component: Designator=R6(R0402)
Added Component: Designator=R7(R0402)
Added Component: Designator=R8(R0402)
Added Pin To Net: NetName=EN_DCDC Pin=U4-1
Added Net: Name=EN_DCDC
Added Pin To Net: NetName=ESP_3V3 Pin=C5-2
Added Pin To Net: NetName=ESP_3V3 Pin=C6-2
Added Pin To Net: NetName=ESP_3V3 Pin=C7-2
Added Pin To Net: NetName=ESP_3V3 Pin=C8-2
Added Pin To Net: NetName=ESP_3V3 Pin=C9-1
Added Pin To Net: NetName=ESP_3V3 Pin=L1-2
Added Pin To Net: NetName=ESP_3V3 Pin=R5-2
Added Pin To Net: NetName=ESP_3V3 Pin=U4-4
Added Net: Name=ESP_3V3
Added Pin To Net: NetName=ESP_VDD_HP Pin=C10-2
Added Pin To Net: NetName=ESP_VDD_HP Pin=C11-2
Added Pin To Net: NetName=ESP_VDD_HP Pin=C12-2
Added Pin To Net: NetName=ESP_VDD_HP Pin=C13-2
Added Pin To Net: NetName=ESP_VDD_HP Pin=L2-2
Added Pin To Net: NetName=ESP_VDD_HP Pin=R7-2
Added Net: Name=ESP_VDD_HP
Added Pin To Net: NetName=FB_DCDC Pin=R7-1
Added Pin To Net: NetName=FB_DCDC Pin=R8-2
Added Pin To Net: NetName=FB_DCDC Pin=U4-5
Added Net: Name=FB_DCDC
Added Pin To Net: NetName=GND Pin=C1-1
Added Pin To Net: NetName=GND Pin=C2-2
Added Pin To Net: NetName=GND Pin=C3-2
Added Pin To Net: NetName=GND Pin=C4-2
Added Pin To Net: NetName=GND Pin=C5-1
Added Pin To Net: NetName=GND Pin=C6-1
Added Pin To Net: NetName=GND Pin=C7-1
Added Pin To Net: NetName=GND Pin=C8-1
Added Pin To Net: NetName=GND Pin=C9-2
Added Pin To Net: NetName=GND Pin=C10-1
Added Pin To Net: NetName=GND Pin=C11-1
Added Pin To Net: NetName=GND Pin=C12-1
Added Pin To Net: NetName=GND Pin=C13-1
Added Pin To Net: NetName=GND Pin=R1-2
Added Pin To Net: NetName=GND Pin=R2-2
Added Pin To Net: NetName=GND Pin=R3-1
Added Pin To Net: NetName=GND Pin=R6-1
Added Pin To Net: NetName=GND Pin=R8-1
Added Pin To Net: NetName=GND Pin=U3-2
Added Pin To Net: NetName=GND Pin=U4-2
Added Pin To Net: NetName=GND Pin=USB1-1
Added Pin To Net: NetName=GND Pin=USB1-12
Added Pin To Net: NetName=GND Pin=USB1-13
Added Pin To Net: NetName=GND Pin=USB1-13
Added Pin To Net: NetName=GND Pin=USB1-14
Added Pin To Net: NetName=GND Pin=USB1-14
Added Net: Name=GND
Added Pin To Net: NetName=NetC4_1 Pin=C4-1
Added Pin To Net: NetName=NetC4_1 Pin=R4-1
Added Pin To Net: NetName=NetC4_1 Pin=U3-1
Added Net: Name=NetC4_1
Added Pin To Net: NetName=NetL1_1 Pin=L1-1
Added Pin To Net: NetName=NetL1_1 Pin=U3-3
Added Net: Name=NetL1_1
Added Pin To Net: NetName=NetL2_1 Pin=L2-1
Added Pin To Net: NetName=NetL2_1 Pin=U4-3
Added Net: Name=NetL2_1
Added Pin To Net: NetName=NetR1_1 Pin=R1-1
Added Pin To Net: NetName=NetR1_1 Pin=USB1-4
Added Net: Name=NetR1_1
Added Pin To Net: NetName=NetR2_1 Pin=R2-1
Added Pin To Net: NetName=NetR2_1 Pin=U5-3
Added Net: Name=NetR2_1
Added Pin To Net: NetName=NetR3_2 Pin=R3-2
Added Pin To Net: NetName=NetR3_2 Pin=USB1-10
Added Net: Name=NetR3_2
Added Pin To Net: NetName=NetR5_1 Pin=R5-1
Added Pin To Net: NetName=NetR5_1 Pin=R6-2
Added Pin To Net: NetName=NetR5_1 Pin=U3-5
Added Net: Name=NetR5_1
Added Pin To Net: NetName=USB_N Pin=USB1-5
Added Pin To Net: NetName=USB_N Pin=USB1-7
Added Net: Name=USB_N
Added Pin To Net: NetName=USB_P Pin=USB1-6
Added Pin To Net: NetName=USB_P Pin=USB1-8
Added Net: Name=USB_P
Added Pin To Net: NetName=VBUS Pin=C3-1
Added Pin To Net: NetName=VBUS Pin=U5-4
Added Pin To Net: NetName=VBUS Pin=U5-5
Added Pin To Net: NetName=VBUS Pin=USB1-2
Added Pin To Net: NetName=VBUS Pin=USB1-11
Added Net: Name=VBUS
Added Pin To Net: NetName=VCC_5V Pin=C1-2
Added Pin To Net: NetName=VCC_5V Pin=C2-1
Added Pin To Net: NetName=VCC_5V Pin=R4-2
Added Pin To Net: NetName=VCC_5V Pin=U3-4
Added Pin To Net: NetName=VCC_5V Pin=U5-1
Added Net: Name=VCC_5V
Added Differential Pair: Name=USB
Added Member To Class: ClassName=Sheet2 Member=Component C1 100nF
Added Member To Class: ClassName=Sheet2 Member=Component C2 10uF
Added Member To Class: ClassName=Sheet2 Member=Component C3 10uF
Added Member To Class: ClassName=Sheet2 Member=Component C4 10uF
Added Member To Class: ClassName=Sheet2 Member=Component C5 100nF
Added Member To Class: ClassName=Sheet2 Member=Component C6 10uF
Added Member To Class: ClassName=Sheet2 Member=Component C7 22uF
Added Member To Class: ClassName=Sheet2 Member=Component C8 22uF
Added Member To Class: ClassName=Sheet2 Member=Component C9 4.7uF
Added Member To Class: ClassName=Sheet2 Member=Component C10 100nF
Added Member To Class: ClassName=Sheet2 Member=Component C11 10uF
Added Member To Class: ClassName=Sheet2 Member=Component C12 22uF
Added Member To Class: ClassName=Sheet2 Member=Component C13 22uF
Added Member To Class: ClassName=Sheet2 Member=Component L1 2.2uH
Added Member To Class: ClassName=Sheet2 Member=Component L2 2.2uH
Added Member To Class: ClassName=Sheet2 Member=Component R1 4.7K
Added Member To Class: ClassName=Sheet2 Member=Component R2 6.8K
Added Member To Class: ClassName=Sheet2 Member=Component R3 4.7K
Added Member To Class: ClassName=Sheet2 Member=Component R4 10K
Added Member To Class: ClassName=Sheet2 Member=Component R5 100K
Added Member To Class: ClassName=Sheet2 Member=Component R6 22K
Added Member To Class: ClassName=Sheet2 Member=Component R7 499K
Added Member To Class: ClassName=Sheet2 Member=Component R8 499K
Added Rule: Name=Schematic Supply Nets
