Added Component: Designator=*(FPC-SMD_18P-P0.50_FPC-05F-18PH20)
Added Component: Designator=C50(C0402)
Added Component: Designator=Q2(SOT-23-3_L2.9-W1.3-P1.90-LS2.3-BR)
Added Component: Designator=R21(R0402)
Added Component: Designator=R22(R0402)
Added Pin To Net: NetName=GND Pin=*-1
Added Pin To Net: NetName=ESP_3V3 Pin=*-3
Added Pin To Net: NetName=ESP_3V3 Pin=*-4
Added Pin To Net: NetName=GND Pin=*-5
Added Pin To Net: NetName=GND Pin=*-6
Added Pin To Net: NetName=GND Pin=*-12
Added Pin To Net: NetName=IO32_I2C_SCL Pin=*-13
Added Pin To Net: NetName=IO33_I2C_SDA Pin=*-14
Added Pin To Net: NetName=ESP_3V3 Pin=*-17
Added Pin To Net: NetName=GND Pin=*-18
Added Pin To Net: NetName=GND Pin=*-19
Added Pin To Net: NetName=GND Pin=*-20
Added Pin To Net: NetName=ESP_3V3 Pin=C50-1
Added Pin To Net: NetName=GND Pin=C50-2
Added Pin To Net: NetName=IO53_LCD_BL Pin=Q2-1
Added Pin To Net: NetName=GND Pin=Q2-2
Added Pin To Net: NetName=GND Pin=R22-1
Added Pin To Net: NetName=IO53_LCD_BL Pin=R22-2
Added Pin To Net: NetName=IO33_SPI_TP_INT Pin=*-16
Added Net: Name=IO33_SPI_TP_INT
Added Pin To Net: NetName=IO33_SPI_TP_RST Pin=*-15
Added Net: Name=IO33_SPI_TP_RST
Added Pin To Net: NetName=NetQ2_3 Pin=Q2-3
Added Pin To Net: NetName=NetQ2_3 Pin=R21-1
Added Net: Name=NetQ2_3
Added Pin To Net: NetName=SPI_CLK Pin=*-9
Added Net: Name=SPI_CLK
Added Pin To Net: NetName=SPI_CS Pin=*-8
Added Net: Name=SPI_CS
Added Pin To Net: NetName=SPI_DC Pin=*-7
Added Net: Name=SPI_DC
Added Pin To Net: NetName=SPI_LEDK Pin=*-2
Added Pin To Net: NetName=SPI_LEDK Pin=R21-2
Added Net: Name=SPI_LEDK
Added Pin To Net: NetName=SPI_MOSI Pin=*-10
Added Net: Name=SPI_MOSI
Added Pin To Net: NetName=SPI_RST Pin=*-11
Added Net: Name=SPI_RST
Added Member To Class: ClassName=Sheet1 Member=Component * FPC-05F-18PH20
Added Member To Class: ClassName=Sheet1 Member=Component C50 100nF
Added Member To Class: ClassName=Sheet1 Member=Component Q2 S8050_C20069125
Added Member To Class: ClassName=Sheet1 Member=Component R21 10
Added Member To Class: ClassName=Sheet1 Member=Component R22 1K
